::1 GET /products? 304 - - 107.626 ms
::1 GET /products? 304 - - 55.933 ms
::1 GET /products? 304 - - 54.933 ms
::1 GET /products? 304 - - 56.987 ms
::1 POST /auth/login 200 244 - 139.265 ms
::1 GET /products? 304 - - 59.850 ms
::1 GET /products? 304 - - 55.973 ms
::1 GET /products?category=teclado 304 - - 55.192 ms
::1 GET /products?category=mouse 304 - - 53.911 ms
::1 GET /products?category=monitor 200 469 - 55.202 ms
::1 GET /products?category=Todas+las+categorias 304 - - 52.706 ms
::1 GET /products? 304 - - 55.763 ms
::1 GET /products? 304 - - 54.303 ms
::1 GET /products?category=teclado 304 - - 51.341 ms
::1 GET /products?category=Todas+las+categorias 304 - - 52.854 ms
::1 GET /products?category=Todas+las+categorias 304 - - 51.392 ms
::1 GET /products?category=Todas+las+categorias 304 - - 58.196 ms
::1 GET /products? 304 - - 53.323 ms
::1 POST /auth/login 200 244 - 127.819 ms
::1 GET /products? 304 - - 55.172 ms
::1 GET /products? 304 - - 53.335 ms
::1 GET /products? 200 3832 - 70.472 ms
::1 GET /products? 304 - - 55.145 ms
::1 GET /products? 304 - - 54.509 ms
::1 GET /products? 304 - - 58.169 ms
::1 GET /product/1 404 54 - 0.290 ms
::1 GET /product/2 404 54 - 0.325 ms
::1 GET /product/3 404 54 - 0.173 ms
::1 GET /product/45544554 404 54 - 0.215 ms
::1 GET /product/45544554 404 54 - 0.192 ms
::1 GET /product/45544554 404 54 - 0.164 ms
::1 GET /product/6949bafa7f9cd5f8a2fea3c9 404 54 - 0.199 ms
::1 GET /product/6949bafa7f9cd5f8a2fea3c9 404 54 - 0.153 ms
::1 GET /product/6949bafa7f9cd5f8a2fea3c9 404 54 - 0.196 ms
::1 GET /product/6949bafa7f9cd5f8a2fea3c9 404 54 - 0.226 ms
::1 GET /product/6949bafa7f9cd5f8a2fea3c9 404 54 - 0.166 ms
::1 GET /product/6949bafa7f9cd5f8a2fea3c9 404 54 - 0.192 ms
::1 GET /product/6949bafa7f9cd5f8a2fea3c9 404 54 - 0.126 ms
::1 GET /products? 304 - - 90.553 ms
::1 GET /products? 304 - - 55.732 ms
::1 POST /auth/login 200 244 - 140.633 ms
::1 GET /products? 304 - - 54.606 ms
::1 GET /products? 304 - - 59.652 ms
::1 GET /products? 304 - - 51.788 ms
::1 GET /products? 304 - - 53.405 ms
::1 POST /auth/login 200 244 - 880.573 ms
::1 GET /products? 304 - - 70.677 ms
::1 GET /products? 304 - - 56.668 ms
::1 POST /auth/register 409 69 - 54.784 ms
::1 POST /auth/register 201 168 - 192.497 ms
::1 POST /auth/login 200 246 - 151.820 ms
::1 GET /products? 304 - - 55.938 ms
::1 GET /products? 304 - - 54.617 ms
::1 GET /product/6949bafa7f9cd5f8a2fea3c9 404 54 - 0.267 ms
::1 GET /products/ 200 3832 - 720.033 ms
::1 GET /product/1 404 54 - 0.188 ms
::1 GET /product/1222 404 54 - 0.129 ms
::1 POST /auth/register 201 170 - 191.404 ms
::1 POST /auth/login 200 248 - 120.065 ms
::1 GET /products? 304 - - 56.337 ms
::1 GET /products? 304 - - 55.113 ms
::1 POST /auth/login 401 41 - 702.646 ms
::1 POST /auth/register 201 167 - 178.554 ms
::1 POST /auth/login 200 244 - 129.358 ms
::1 GET /products? 304 - - 53.717 ms
::1 GET /products? 304 - - 51.981 ms
::1 GET /products? 304 - - 444.103 ms
::1 GET /products? 304 - - 58.098 ms
::1 POST /products 401 38 - 2.269 ms
::1 POST /auth/login 200 236 - 122.524 ms
::1 POST /products 201 243 - 67.526 ms
::1 GET /product/694b3e32ae55fd01bc875a7d 404 54 - 0.196 ms
::1 GET /product/694b3e32ae55fd01bc875a7d 404 54 - 0.125 ms
::1 GET /product/694b3e32ae55fd01bc875a7d 404 54 - 0.157 ms
::1 GET /product/%22694b3e32ae55fd01bc875a7d%22 404 54 - 0.170 ms
::1 GET /product/%22694b3e32ae55fd01bc875a7d%22 404 54 - 0.146 ms
::1 GET /product/ 404 54 - 0.109 ms
::1 GET /product/694b3e32ae55fd01bc875a7d 404 54 - 0.196 ms
::1 GET /product/694b3e32ae55fd01bc875a7d 404 54 - 0.116 ms
::1 GET /product/694b3e32ae55fd01bc875a7d 404 54 - 0.122 ms
::1 GET /product/694b3e32ae55fd01bc875a7d 404 54 - 0.117 ms
::1 GET /product/694b3e32ae55fd01bc875a7d 404 54 - 0.175 ms
::1 GET /products/ 200 4052 - 55.688 ms
::1 GET /product/ 404 54 - 0.114 ms
::1 GET /products? 200 4052 - 52.423 ms
::1 GET /products? 304 - - 54.005 ms
::1 GET /products/ 200 4052 - 53.278 ms
