::1 GET /products 200 26 - 64.758 ms
::1 GET /product/6928f2343f0bdad14e4a009e 404 54 - 0.371 ms
::1 POST /products 401 48 - 0.337 ms
::1 POST /auth/login 401 41 - 56.307 ms
::1 POST /auth/login 401 41 - 53.267 ms
::1 POST /auth/register 201 161 - 234.947 ms
::1 POST /auth/login 401 41 - 123.537 ms
::1 POST /auth/register 409 69 - 71.594 ms
::1 POST /auth/login 401 41 - 120.860 ms
::1 POST /auth/login 200 236 - 151.806 ms
::1 GET /products 200 26 - 54.815 ms
::1 GET /products 200 26 - 56.212 ms
::1 GET /products/ 200 26 - 58.838 ms
::1 GET /products/ 200 26 - 53.652 ms
::1 POST /products 401 48 - 1.477 ms
::1 POST /auth/login 200 236 - 146.235 ms
::1 POST /products 201 201 - 72.249 ms
::1 GET /products/ 200 203 - 55.755 ms
::1 POST /products 201 185 - 59.475 ms
::1 GET /products/ 200 365 - 53.596 ms
::1 GET /products?$%7Bquery%7D 200 365 - 66.803 ms
::1 GET /favicon.ico 404 54 - 0.239 ms
::1 GET /products?$%7Bquery%7D 304 - - 60.168 ms
::1 GET /products?$%7Bquery%7D 304 - - 65.060 ms
::1 GET /products 200 365 - 59.113 ms
::1 GET /products? 200 365 - 54.242 ms
::1 GET /products? 304 - - 52.962 ms
::1 GET /products? 304 - - 56.563 ms
::1 GET /products? 304 - - 54.260 ms
::1 GET /products? 304 - - 56.090 ms
::1 GET /products? 304 - - 54.615 ms
::1 GET /products? 304 - - 52.261 ms
::1 GET /products?category=muebles 200 187 - 53.481 ms
::1 GET /products? 304 - - 53.665 ms
::1 GET /products? 304 - - 57.416 ms
::1 GET /products? 304 - - 54.446 ms
::1 GET /products? 304 - - 52.761 ms
::1 GET /products? 304 - - 52.832 ms
::1 POST /email/send 400 43 - 0.279 ms
::1 POST /email/send 500 61 - 934.660 ms
::1 POST /email/send 500 61 - 521.724 ms
::1 POST /email/send 500 61 - 860.067 ms
::1 POST /email/send 500 61 - 1296.312 ms
::1 POST /auth/register 201 167 - 199.359 ms
::1 POST /auth/login 200 244 - 120.198 ms
::1 GET /products? 304 - - 56.265 ms
::1 GET /products? 304 - - 54.255 ms
::1 GET /products? 304 - - 53.734 ms
::1 GET /products? 304 - - 53.341 ms
::1 GET /products? 304 - - 53.894 ms
::1 GET /products? 304 - - 52.813 ms
::1 POST /auth/login 200 244 - 121.383 ms
::1 GET /products? 304 - - 60.044 ms
::1 GET /products? 304 - - 52.551 ms
::1 GET /products? 304 - - 88.500 ms
::1 GET /products? 304 - - 58.779 ms
::1 POST /auth/login 200 244 - 159.660 ms
::1 GET /products? 304 - - 56.096 ms
::1 GET /products? 304 - - 53.643 ms
::1 POST /auth/login 200 244 - 123.979 ms
::1 GET /products? 304 - - 55.528 ms
::1 GET /products? 304 - - 56.041 ms
::1 PATCH /products/6949903204f898e55453ee7f 200 204 - 74.269 ms
::1 GET /products? 200 368 - 55.221 ms
::1 PATCH /products/6949903204f898e55453ee7f 200 201 - 59.285 ms
::1 GET /products? 200 365 - 52.932 ms
::1 GET /products? 304 - - 52.926 ms
::1 GET /products? 304 - - 54.162 ms
::1 POST /auth/login 200 244 - 132.418 ms
::1 GET /products? 304 - - 56.513 ms
::1 GET /products? 304 - - 57.523 ms
::1 GET /products?maxPrice=500000 200 365 - 61.627 ms
::1 GET /products/ 200 365 - 57.582 ms
::1 POST /email/send 500 61 - 1258.620 ms
::1 GET /products? 304 - - 55.518 ms
::1 GET /products? 304 - - 56.070 ms
::1 POST /auth/login 200 244 - 122.693 ms
::1 GET /products? 304 - - 56.471 ms
::1 GET /products? 304 - - 53.006 ms
::1 GET /products? 304 - - 58.897 ms
::1 GET /products? 304 - - 53.935 ms
::1 GET /products? 304 - - 54.678 ms
::1 GET /products? 304 - - 53.760 ms
::1 GET /products? 304 - - 55.950 ms
::1 GET /products? 304 - - 54.662 ms
::1 GET /products? 304 - - 47.048 ms
::1 GET /products? 304 - - 53.240 ms
::1 GET /products? 304 - - 53.601 ms
::1 GET /products? 304 - - 64.968 ms
::1 GET /products? 304 - - 54.010 ms
::1 GET /products? 304 - - 53.096 ms
::1 GET /products? 304 - - 55.319 ms
::1 GET /products? 304 - - 57.469 ms
::1 GET /products? 304 - - 345.421 ms
::1 GET /products? 304 - - 56.540 ms
::1 GET /products? 304 - - 56.017 ms
::1 GET /products? 304 - - 53.362 ms
::1 POST /auth/login 200 244 - 127.619 ms
::1 GET /products? 304 - - 53.650 ms
::1 GET /products? 304 - - 49.446 ms
::1 POST /auth/login 200 244 - 123.193 ms
::1 GET /products? 304 - - 54.920 ms
::1 GET /products? 304 - - 55.029 ms
::1 GET /products? 304 - - 54.712 ms
::1 GET /products? 304 - - 53.654 ms
::1 GET /products? 304 - - 63.850 ms
::1 GET /products? 304 - - 52.980 ms
::1 POST /products 400 45 - 1.966 ms
::1 GET /products? 304 - - 56.043 ms
::1 GET /products? 304 - - 53.231 ms
::1 GET /products? 304 - - 52.398 ms
::1 GET /products? 304 - - 53.415 ms
::1 POST /auth/login 200 244 - 122.649 ms
::1 GET /products? 304 - - 53.804 ms
::1 GET /products? 304 - - 53.052 ms
::1 GET /products? 304 - - 53.553 ms
::1 GET /products? 304 - - 52.983 ms
::1 GET /products? 304 - - 54.813 ms
::1 GET /products? 304 - - 53.878 ms
::1 POST /auth/login 200 244 - 120.514 ms
::1 GET /products? 304 - - 54.044 ms
::1 GET /products? 304 - - 53.161 ms
::1 GET /products? 304 - - 54.114 ms
::1 GET /products? 304 - - 52.518 ms
::1 GET /products? 304 - - 56.026 ms
::1 GET /products? 304 - - 62.416 ms
::1 GET /products? 304 - - 53.574 ms
::1 GET /products? 304 - - 52.740 ms
::1 GET /products? 304 - - 53.191 ms
::1 GET /products? 304 - - 53.155 ms
::1 GET /products? 304 - - 55.446 ms
::1 GET /products? 304 - - 59.856 ms
::1 POST /auth/login 200 244 - 121.518 ms
::1 GET /products? 304 - - 55.838 ms
::1 GET /products? 304 - - 52.920 ms
::1 GET /products? 200 3625 - 67.967 ms
::1 GET /products? 304 - - 52.499 ms
::1 GET /products?category=mouse 200 449 - 52.118 ms
::1 GET /products? 304 - - 54.921 ms
::1 GET /products? 304 - - 56.328 ms
::1 GET /products? 304 - - 53.442 ms
::1 GET /products? 304 - - 55.486 ms
::1 GET /products? 304 - - 54.852 ms
::1 GET /products? 304 - - 53.966 ms
::1 GET /products? 304 - - 52.235 ms
::1 GET /products?category=mouse 304 - - 51.433 ms
::1 GET /products? 304 - - 52.187 ms
::1 GET /products? 304 - - 52.061 ms
::1 GET /products? 304 - - 53.833 ms
::1 GET /products? 304 - - 52.724 ms
::1 GET /products? 304 - - 57.009 ms
::1 GET /products? 304 - - 52.752 ms
::1 POST /auth/register 201 174 - 202.182 ms
::1 POST /auth/login 200 254 - 121.815 ms
::1 GET /products 200 3625 - 54.088 ms
::1 POST /auth/login 200 254 - 121.281 ms
::1 POST /products 201 204 - 66.021 ms
::1 PATCH /products/6949c279fba42732e544718a 200 205 - 62.122 ms
::1 DELETE /products/6949c279fba42732e544718a 200 205 - 55.782 ms
::1 POST /email/send 500 61 - 725.583 ms
::1 GET /products? 304 - - 55.653 ms
::1 GET /products? 304 - - 51.811 ms
::1 POST /auth/register 409 69 - 53.513 ms
::1 POST /auth/login 200 244 - 119.412 ms
::1 GET /products? 304 - - 52.575 ms
::1 GET /products? 304 - - 52.259 ms
::1 GET /products?name=Microfono 200 492 - 51.724 ms
::1 GET /products? 304 - - 58.871 ms
::1 GET /products? 304 - - 51.573 ms
::1 GET /products? 304 - - 62.377 ms
::1 GET /products? 304 - - 50.999 ms
::1 GET /products?category=auriculares 200 491 - 51.418 ms
::1 GET /products? 304 - - 51.506 ms
::1 PATCH /products/6949bafa7f9cd5f8a2fea3d7 200 254 - 58.960 ms
::1 GET /products? 304 - - 51.890 ms
::1 PATCH /products/6949bafa7f9cd5f8a2fea3d6 200 240 - 51.400 ms
::1 GET /products? 304 - - 49.201 ms
::1 GET /products? 304 - - 54.604 ms
::1 GET /products? 304 - - 56.006 ms
::1 POST /auth/login 200 244 - 132.114 ms
::1 GET /products? 304 - - 52.917 ms
::1 GET /products? 304 - - 51.275 ms
::1 POST /auth/login 200 244 - 119.111 ms
::1 GET /products? 304 - - 54.568 ms
::1 GET /products? 304 - - 54.256 ms
::1 GET /products? 304 - - 52.441 ms
::1 GET /products? 304 - - 57.404 ms
::1 GET /products? 304 - - 55.726 ms
::1 POST /auth/login 200 244 - 152.057 ms
::1 GET /products? 304 - - 53.278 ms
::1 GET /products? 304 - - 50.665 ms
::1 GET /products? 304 - - 54.622 ms
::1 GET /products? 304 - - 54.383 ms
::1 GET /products? 304 - - 55.354 ms
::1 GET /products? 304 - - 58.215 ms
::1 GET /products? 304 - - 504.558 ms
::1 GET /products? 304 - - 59.132 ms
::1 GET /products? 304 - - 55.223 ms
::1 GET /products? 304 - - 55.731 ms
::1 POST /auth/login 200 244 - 122.596 ms
::1 GET /products? 304 - - 55.880 ms
::1 GET /products? 304 - - 55.018 ms
::1 GET /products? 304 - - 56.274 ms
::1 GET /products? 304 - - 59.790 ms
::1 GET /products? 304 - - 54.592 ms
::1 GET /products? 304 - - 63.015 ms
::1 GET /products? 304 - - 53.515 ms
::1 GET /products? 304 - - 53.069 ms
::1 GET /products? 304 - - 53.941 ms
::1 GET /products?stock=21 200 26 - 53.024 ms
::1 GET /products?stock=10 200 260 - 53.928 ms
::1 GET /products?maxPrice=200 200 26 - 54.620 ms
::1 GET /products?maxPrice=200 304 - - 51.975 ms
::1 GET /products?maxPrice=10 200 26 - 52.936 ms
::1 GET /products?minPrice=1&maxPrice=10 200 26 - 53.703 ms
::1 GET /products?minPrice=1 200 3625 - 55.304 ms
::1 GET /products?minPrice=1&maxPrice=95000 200 2066 - 53.561 ms
::1 GET /products? 304 - - 55.264 ms
::1 GET /products? 304 - - 53.355 ms
::1 GET /products? 304 - - 59.552 ms
::1 GET /products? 304 - - 56.156 ms
::1 GET /products? 304 - - 55.234 ms
::1 GET /products? 304 - - 56.404 ms
::1 GET /products? 304 - - 54.819 ms
::1 GET /products? 304 - - 56.830 ms
::1 GET /products? 304 - - 57.036 ms
::1 GET /products? 304 - - 54.731 ms
::1 GET /products? 304 - - 56.301 ms
::1 POST /email/send 400 43 - 0.199 ms
::1 POST /email/send 400 43 - 0.154 ms
::1 GET /products? 304 - - 55.637 ms
::1 GET /products? 304 - - 53.311 ms
::1 GET /products? 304 - - 54.305 ms
::1 GET /products? 304 - - 58.089 ms
::1 GET /products? 304 - - 56.288 ms
::1 GET /products? 304 - - 54.282 ms
::1 GET /products? 304 - - 47.626 ms
::1 GET /products? 304 - - 53.738 ms
::1 POST /auth/login 200 244 - 135.048 ms
::1 GET /products? 304 - - 52.808 ms
::1 GET /products? 304 - - 53.209 ms
::1 PATCH /products/6949bafa7f9cd5f8a2fea3d6 200 240 - 57.675 ms
::1 GET /products? 304 - - 54.295 ms
::1 GET /products?stock=2 200 26 - 52.876 ms
::1 GET /products?stock=3 200 241 - 54.924 ms
::1 GET /products?category=teclado 200 488 - 60.166 ms
::1 GET /products?category=mouse 304 - - 56.065 ms
::1 GET /products? 304 - - 51.480 ms
::1 GET /products? 304 - - 59.167 ms
::1 GET /products? 304 - - 57.066 ms
::1 GET /products? 304 - - 55.576 ms
::1 POST /auth/login 200 244 - 123.797 ms
::1 GET /products? 304 - - 53.557 ms
::1 GET /products? 304 - - 55.193 ms
::1 GET /products?category=teclado 304 - - 52.728 ms
::1 GET /products?category=teclado&minPrice=45000 200 255 - 55.980 ms
::1 GET /products? 304 - - 53.073 ms
::1 PATCH /products/6949bafa7f9cd5f8a2fea3c9 401 38 - 1.071 ms
::1 GET /products? 304 - - 54.186 ms
::1 GET /products? 304 - - 54.240 ms
::1 GET /products? 304 - - 54.145 ms
::1 POST /auth/login 200 244 - 128.387 ms
::1 GET /products? 304 - - 54.195 ms
::1 GET /products? 304 - - 55.211 ms
::1 GET /products?category=placas 200 26 - 54.714 ms
::1 GET /products?category=Todas+las+categorias 200 26 - 53.714 ms
::1 GET /products?category=Todas+las+categorias 304 - - 53.964 ms
::1 GET /products?category=Todas+las+categorias 304 - - 53.151 ms
::1 GET /products? 304 - - 52.807 ms
::1 GET /products? 304 - - 54.963 ms
::1 GET /products?category=microfono 200 492 - 52.008 ms
::1 GET /products?category=Todas+las+categorias 304 - - 52.475 ms
::1 GET /products?category=Todas+las+categorias 304 - - 52.905 ms
::1 GET /products?category=mouse 304 - - 53.315 ms
::1 GET /products?category=Todas+las+categorias 304 - - 52.070 ms
::1 GET /products? 304 - - 57.553 ms
::1 GET /products? 304 - - 54.414 ms
::1 PATCH /products/6949bafa7f9cd5f8a2fea3d4 200 231 - 60.476 ms
::1 GET /products? 200 3617 - 52.593 ms
::1 PATCH /products/6949bafa7f9cd5f8a2fea3d3 200 237 - 58.019 ms
::1 GET /products? 200 3609 - 51.307 ms
::1 GET /products? 304 - - 59.873 ms
::1 GET /products? 304 - - 55.011 ms
::1 POST /auth/register 201 166 - 574.937 ms
::1 POST /auth/login 401 41 - 119.497 ms
::1 POST /auth/login 401 41 - 120.313 ms
::1 POST /auth/login 401 41 - 121.011 ms
::1 POST /auth/login 401 41 - 119.894 ms
::1 POST /auth/login 401 41 - 118.681 ms
::1 POST /auth/register 201 167 - 177.393 ms
::1 POST /auth/login 200 244 - 120.745 ms
::1 GET /products? 304 - - 51.994 ms
::1 GET /products? 304 - - 51.111 ms
::1 POST /products 201 205 - 64.992 ms
::1 GET /products? 200 3791 - 54.510 ms
::1 GET /products? 304 - - 46.335 ms
::1 GET /products? 304 - - 779.487 ms
::1 GET /products? 304 - - 60.409 ms
::1 POST /auth/login 200 244 - 126.342 ms
::1 GET /products? 304 - - 56.892 ms
::1 GET /products? 304 - - 54.706 ms
::1 PATCH /products/6949f863fba42732e5447214 200 246 - 72.325 ms
::1 GET /products? 200 3832 - 54.686 ms
::1 GET /products? 304 - - 56.661 ms
::1 GET /products? 304 - - 56.907 ms
::1 GET /products? 304 - - 56.549 ms
::1 GET /products? 304 - - 56.585 ms
::1 GET /products? 304 - - 55.206 ms
::1 GET /products? 304 - - 56.198 ms
::1 GET /products? 304 - - 56.250 ms
::1 GET /products? 304 - - 52.806 ms
::1 POST /auth/login 200 244 - 792.481 ms
::1 GET /products? 304 - - 56.325 ms
::1 GET /products? 304 - - 59.008 ms
::1 POST /auth/login 200 244 - 121.318 ms
::1 GET /products? 304 - - 54.836 ms
::1 GET /products? 304 - - 52.692 ms
::1 GET /products? 304 - - 71.399 ms
::1 GET /products? 304 - - 51.419 ms
::1 GET /products? 304 - - 708.976 ms
::1 GET /products? 304 - - 57.583 ms
::1 GET /products? 304 - - 56.353 ms
::1 GET /products? 304 - - 58.310 ms
::1 POST /auth/login 200 244 - 122.129 ms
::1 GET /products? 304 - - 56.767 ms
::1 GET /products? 304 - - 51.661 ms
